P-CAD 2001 PCB TRIAL VERSION - 10 days left Version 16.00.56 Routing Log File

======================================================================

Input file:    C:\NF\xi_semester\P-CADyshky\My_labs\lab_4\Strategy_1\O
ptimal.PCB
Output file:   C:\NF\xi_semester\P-CADyshky\My_labs\lab_4\Strategy_1\R
Optimal.PCB
Strategy file: C:\NF\xi_semester\P-CADyshky\My_labs\lab_4\Strategy_1\O
ptimal.STR

All dimensions are in mils unless stated.

Routed by:     Quick Route

Start time:    23:00:18 11-Jan-17

Free memory:   -835534848

Strategy selections:

  Routing grid:                20.0 


Layer selections:

  Signal Bias or    Plane                        Clearances
  Layer  Selection  Net Name          P-P   P-L   L-L   V-P   V-L   V-
V
  ------ ---------- ---------------- ----- ----- ----- ----- ----- ---
--
  Top    Hor                            10    10    10    10    10    
10
  Bottom Ver                            10    10    10    10    10    
10
  --------------------------------------------------------------------
--


  * Selected by router.


Net classes:

    Net                                          Max
   Class  Width     Via Padstack     Prio Layer  Vias Notes
  ------- ----- -------------------- ---- ------ ---- -----
  Default   8.0 (Default)               1 All      *       
        1  39.4 (Default)               1 All      *       
  ---------------------------------------------------------
  Notes: F = Fixed, do not ripup.
         N = Do not route.
         W = Use wide pass.


Scheduled pass selection:

  Pass                    Net Classes
  Num  Pass Name          DFT 1
  ---- ------------------ -----------
    1  Wide line routing   x   
    2  Horizontal          x   

----------------------------------------------------------------------

11-Jan-17  23:00                                            Page    1

P-CAD 2001 PCB TRIAL VERSION - 10 days left Version 16.00.56 Routing Log File

======================================================================

    3  Vertical            x   
    4  'L' routes          x   
    5  'Z' routes          x   
    6  'C' routes          x   
    7  Any node (2 vias)   x   
    8  Maze                x   
    9  Any node (maze)     x   
   10  Any node (maze)         
  -----------------------------------

  * Selected by router.














































----------------------------------------------------------------------

11-Jan-17  23:00                                            Page    2

P-CAD 2001 PCB TRIAL VERSION - 10 days left Version 16.00.56 Routing Log File

======================================================================

75 total connections on the board.

Pass Performance Summary:

 Net class: Default  Width: 8.0mil        Via Padstack: (Default)     
      
  Wide line routing      Pass Num:   1    Overall
  ---------------------- ---------------- ---------
  Routes                                         75
    Completed                   16 (100%)        16 ( 21%)
    Not completed                0 (  0%)        59
  Vias                          22 (100%)        22
  Elapsed time             0:00:00 (100%)   0:00:00
  -------------------------------------------------


 Net class: Default  Width: 8.0mil        Via Padstack: (Default)     
      
  Horizontal             Pass Num:   2    Overall
  ---------------------- ---------------- ---------
  Routes                                         75
    Completed                    9 (100%)        25 ( 33%)
    Not completed                0 (  0%)        50
  Vias                           0 (  0%)        22
  Elapsed time             0:00:00 (100%)   0:00:00
  -------------------------------------------------


 Net class: Default  Width: 8.0mil        Via Padstack: (Default)     
      
  Vertical               Pass Num:   3    Overall
  ---------------------- ---------------- ---------
  Routes                                         75
    Completed                   14 (100%)        39 ( 52%)
    Not completed                0 (  0%)        36
  Vias                           0 (  0%)        22
  Elapsed time             0:00:00 (100%)   0:00:00
  -------------------------------------------------


 Net class: Default  Width: 8.0mil        Via Padstack: (Default)     
      
  'L' routes             Pass Num:   4    Overall
  ---------------------- ---------------- ---------
  Routes                                         75
    Completed                   21 (100%)        60 ( 80%)
    Not completed                0 (  0%)        15
  Vias                          21 ( 48%)        43
  Elapsed time             0:00:00 (100%)   0:00:00
  -------------------------------------------------


 Net class: Default  Width: 8.0mil        Via Padstack: (Default)     
      
  'Z' routes             Pass Num:   5    Overall
  ---------------------- ---------------- ---------
  Routes                                         75
    Completed                    4 (100%)        64 ( 85%)

----------------------------------------------------------------------

11-Jan-17  23:00                                            Page    3

P-CAD 2001 PCB TRIAL VERSION - 10 days left Version 16.00.56 Routing Log File

======================================================================

    Not completed                0 (  0%)        11
  Vias                           8 ( 15%)        51
  Elapsed time             0:00:00 (100%)   0:00:00
  -------------------------------------------------


 Net class: Default  Width: 8.0mil        Via Padstack: (Default)     
      
  'C' routes             Pass Num:   6    Overall
  ---------------------- ---------------- ---------
  Routes                                         75
    Completed                    2 (100%)        66 ( 88%)
    Not completed                0 (  0%)         9
  Vias                           4 (  7%)        55
  Elapsed time             0:00:00 (100%)   0:00:00
  -------------------------------------------------


 Net class: Default  Width: 8.0mil        Via Padstack: (Default)     
      
  Any node (2 vias)      Pass Num:   7    Overall
  ---------------------- ---------------- ---------
  Routes                                         75
    Completed                    0 (100%)        66 ( 88%)
    Not completed                0 (100%)         9
  Vias                           0 (  0%)        55
  Elapsed time             0:00:00 (100%)   0:00:00
  -------------------------------------------------


 Net class: Default  Width: 8.0mil        Via Padstack: (Default)     
      
  Maze                   Pass Num:   8    Overall
  ---------------------- ---------------- ---------
  Routes                                         75
    Completed                    5 (100%)        71 ( 94%)
    Not completed                0 (  0%)         4
  Vias                          18 ( 24%)        73
  Elapsed time             0:00:00 (100%)   0:00:00
  -------------------------------------------------


 Net class: Default  Width: 8.0mil        Via Padstack: (Default)     
      
  Any node (maze)        Pass Num:   9    Overall
  ---------------------- ---------------- ---------
  Routes                                         75
    Completed                    0 (100%)        71 ( 94%)
    Not completed                0 (100%)         4
  Vias                           0 (  0%)        73
  Elapsed time             0:00:00 (100%)   0:00:00
  -------------------------------------------------



Final statistics:


----------------------------------------------------------------------

11-Jan-17  23:00                                            Page    4

P-CAD 2001 PCB TRIAL VERSION - 10 days left Version 16.00.56 Routing Log File

======================================================================

  Board:
    Physical dimensions (inches):            3.560 by 1.610
    Routing area (square inches):            5.732
    Total pads in file:                    145
    Equivalent 16-pin ICs (EICs):            9.063
    Density (square inches per EIC):         0.632
  Routing performance:
    Vias total:                             73 ( 50% of total pads)
    Vias added:                             73 (100% of total vias)
    Routed connections (this run):          71
    Routed connections (total):             71 ( 94%)
    Unrouted connections (total):            4 (  6%)
    Total routing time:                0:00:00

Start time:       23:00:18 11-Jan-17
Completion time:  23:00:18 11-Jan-17
Free memory:      -835534848

End of log file.
